<?xml version="1.0" encoding="UTF-8"?>
<testsuite xmlns:xsi="http://www.w3.org/2001/XMLSchema-instance" xsi:noNamespaceSchemaLocation="https://maven.apache.org/surefire/maven-surefire-plugin/xsd/surefire-test-report.xsd" name="com.nbclass.SpringbootApplicationTests" time="20.215" tests="1" errors="0" skipped="0" failures="0">
  <properties>
    <property name="sun.desktop" value="windows"/>
    <property name="awt.toolkit" value="sun.awt.windows.WToolkit"/>
    <property name="file.encoding.pkg" value="sun.io"/>
    <property name="java.specification.version" value="1.8"/>
    <property name="sun.cpu.isalist" value="amd64"/>
    <property name="sun.jnu.encoding" value="GBK"/>
    <property name="java.class.path" value="F:\supperzh-zb-blog-master (1)\zb-blog\target\test-classes;F:\supperzh-zb-blog-master (1)\zb-blog\target\classes;D:\repository\org\springframework\boot\spring-boot-starter-thymeleaf\2.0.2.RELEASE\spring-boot-starter-thymeleaf-2.0.2.RELEASE.jar;D:\repository\org\springframework\boot\spring-boot-starter\2.0.2.RELEASE\spring-boot-starter-2.0.2.RELEASE.jar;D:\repository\org\springframework\boot\spring-boot\2.0.2.RELEASE\spring-boot-2.0.2.RELEASE.jar;D:\repository\org\springframework\boot\spring-boot-autoconfigure\2.0.2.RELEASE\spring-boot-autoconfigure-2.0.2.RELEASE.jar;D:\repository\org\springframework\boot\spring-boot-starter-logging\2.0.2.RELEASE\spring-boot-starter-logging-2.0.2.RELEASE.jar;D:\repository\ch\qos\logback\logback-classic\1.2.3\logback-classic-1.2.3.jar;D:\repository\ch\qos\logback\logback-core\1.2.3\logback-core-1.2.3.jar;D:\repository\org\apache\logging\log4j\log4j-to-slf4j\2.10.0\log4j-to-slf4j-2.10.0.jar;D:\repository\org\apache\logging\log4j\log4j-api\2.10.0\log4j-api-2.10.0.jar;D:\repository\org\slf4j\jul-to-slf4j\1.7.25\jul-to-slf4j-1.7.25.jar;D:\repository\javax\annotation\javax.annotation-api\1.3.2\javax.annotation-api-1.3.2.jar;D:\repository\org\yaml\snakeyaml\1.19\snakeyaml-1.19.jar;D:\repository\org\thymeleaf\thymeleaf-spring5\3.0.9.RELEASE\thymeleaf-spring5-3.0.9.RELEASE.jar;D:\repository\org\thymeleaf\thymeleaf\3.0.9.RELEASE\thymeleaf-3.0.9.RELEASE.jar;D:\repository\org\attoparser\attoparser\2.0.4.RELEASE\attoparser-2.0.4.RELEASE.jar;D:\repository\org\unbescape\unbescape\1.1.5.RELEASE\unbescape-1.1.5.RELEASE.jar;D:\repository\org\thymeleaf\extras\thymeleaf-extras-java8time\3.0.1.RELEASE\thymeleaf-extras-java8time-3.0.1.RELEASE.jar;D:\repository\org\springframework\boot\spring-boot-starter-web\2.0.2.RELEASE\spring-boot-starter-web-2.0.2.RELEASE.jar;D:\repository\org\springframework\boot\spring-boot-starter-json\2.0.2.RELEASE\spring-boot-starter-json-2.0.2.RELEASE.jar;D:\repository\com\fasterxml\jackson\core\jackson-databind\2.9.5\jackson-databind-2.9.5.jar;D:\repository\com\fasterxml\jackson\core\jackson-annotations\2.9.0\jackson-annotations-2.9.0.jar;D:\repository\com\fasterxml\jackson\core\jackson-core\2.9.5\jackson-core-2.9.5.jar;D:\repository\com\fasterxml\jackson\datatype\jackson-datatype-jdk8\2.9.5\jackson-datatype-jdk8-2.9.5.jar;D:\repository\com\fasterxml\jackson\datatype\jackson-datatype-jsr310\2.9.5\jackson-datatype-jsr310-2.9.5.jar;D:\repository\com\fasterxml\jackson\module\jackson-module-parameter-names\2.9.5\jackson-module-parameter-names-2.9.5.jar;D:\repository\org\springframework\boot\spring-boot-starter-tomcat\2.0.2.RELEASE\spring-boot-starter-tomcat-2.0.2.RELEASE.jar;D:\repository\org\apache\tomcat\embed\tomcat-embed-core\8.5.31\tomcat-embed-core-8.5.31.jar;D:\repository\org\apache\tomcat\embed\tomcat-embed-el\8.5.31\tomcat-embed-el-8.5.31.jar;D:\repository\org\apache\tomcat\embed\tomcat-embed-websocket\8.5.31\tomcat-embed-websocket-8.5.31.jar;D:\repository\org\hibernate\validator\hibernate-validator\6.0.9.Final\hibernate-validator-6.0.9.Final.jar;D:\repository\javax\validation\validation-api\2.0.1.Final\validation-api-2.0.1.Final.jar;D:\repository\org\jboss\logging\jboss-logging\3.3.2.Final\jboss-logging-3.3.2.Final.jar;D:\repository\com\fasterxml\classmate\1.3.4\classmate-1.3.4.jar;D:\repository\org\springframework\spring-web\5.0.6.RELEASE\spring-web-5.0.6.RELEASE.jar;D:\repository\org\springframework\spring-beans\5.0.6.RELEASE\spring-beans-5.0.6.RELEASE.jar;D:\repository\org\springframework\spring-webmvc\5.0.6.RELEASE\spring-webmvc-5.0.6.RELEASE.jar;D:\repository\org\springframework\spring-context\5.0.6.RELEASE\spring-context-5.0.6.RELEASE.jar;D:\repository\org\springframework\spring-expression\5.0.6.RELEASE\spring-expression-5.0.6.RELEASE.jar;D:\repository\org\springframework\boot\spring-boot-starter-aop\2.0.2.RELEASE\spring-boot-starter-aop-2.0.2.RELEASE.jar;D:\repository\org\springframework\spring-aop\5.0.6.RELEASE\spring-aop-5.0.6.RELEASE.jar;D:\repository\org\aspectj\aspectjweaver\1.8.13\aspectjweaver-1.8.13.jar;D:\repository\org\springframework\boot\spring-boot-starter-data-redis\2.0.2.RELEASE\spring-boot-starter-data-redis-2.0.2.RELEASE.jar;D:\repository\org\springframework\data\spring-data-redis\2.0.7.RELEASE\spring-data-redis-2.0.7.RELEASE.jar;D:\repository\org\springframework\data\spring-data-keyvalue\2.0.7.RELEASE\spring-data-keyvalue-2.0.7.RELEASE.jar;D:\repository\org\springframework\data\spring-data-commons\2.0.7.RELEASE\spring-data-commons-2.0.7.RELEASE.jar;D:\repository\org\springframework\spring-tx\5.0.6.RELEASE\spring-tx-5.0.6.RELEASE.jar;D:\repository\org\springframework\spring-oxm\5.0.6.RELEASE\spring-oxm-5.0.6.RELEASE.jar;D:\repository\org\springframework\spring-context-support\5.0.6.RELEASE\spring-context-support-5.0.6.RELEASE.jar;D:\repository\io\lettuce\lettuce-core\5.0.4.RELEASE\lettuce-core-5.0.4.RELEASE.jar;D:\repository\io\projectreactor\reactor-core\3.1.7.RELEASE\reactor-core-3.1.7.RELEASE.jar;D:\repository\org\reactivestreams\reactive-streams\1.0.2\reactive-streams-1.0.2.jar;D:\repository\io\netty\netty-common\4.1.24.Final\netty-common-4.1.24.Final.jar;D:\repository\io\netty\netty-transport\4.1.24.Final\netty-transport-4.1.24.Final.jar;D:\repository\io\netty\netty-buffer\4.1.24.Final\netty-buffer-4.1.24.Final.jar;D:\repository\io\netty\netty-resolver\4.1.24.Final\netty-resolver-4.1.24.Final.jar;D:\repository\io\netty\netty-handler\4.1.24.Final\netty-handler-4.1.24.Final.jar;D:\repository\io\netty\netty-codec\4.1.24.Final\netty-codec-4.1.24.Final.jar;D:\repository\org\mybatis\spring\boot\mybatis-spring-boot-starter\1.3.2\mybatis-spring-boot-starter-1.3.2.jar;D:\repository\org\springframework\boot\spring-boot-starter-jdbc\2.0.2.RELEASE\spring-boot-starter-jdbc-2.0.2.RELEASE.jar;D:\repository\com\zaxxer\HikariCP\2.7.9\HikariCP-2.7.9.jar;D:\repository\org\springframework\spring-jdbc\5.0.6.RELEASE\spring-jdbc-5.0.6.RELEASE.jar;D:\repository\org\mybatis\spring\boot\mybatis-spring-boot-autoconfigure\1.3.2\mybatis-spring-boot-autoconfigure-1.3.2.jar;D:\repository\org\mybatis\mybatis\3.4.6\mybatis-3.4.6.jar;D:\repository\org\mybatis\mybatis-spring\1.3.2\mybatis-spring-1.3.2.jar;D:\repository\org\springframework\boot\spring-boot-configuration-processor\2.0.2.RELEASE\spring-boot-configuration-processor-2.0.2.RELEASE.jar;D:\repository\tk\mybatis\mapper-spring-boot-starter\1.2.3\mapper-spring-boot-starter-1.2.3.jar;D:\repository\tk\mybatis\mapper-spring-boot-autoconfigure\1.2.3\mapper-spring-boot-autoconfigure-1.2.3.jar;D:\repository\tk\mybatis\mapper\3.5.2\mapper-3.5.2.jar;D:\repository\javax\persistence\persistence-api\1.0\persistence-api-1.0.jar;D:\repository\com\github\pagehelper\pagehelper-spring-boot-starter\1.2.3\pagehelper-spring-boot-starter-1.2.3.jar;D:\repository\com\github\pagehelper\pagehelper-spring-boot-autoconfigure\1.2.3\pagehelper-spring-boot-autoconfigure-1.2.3.jar;D:\repository\com\github\pagehelper\pagehelper\5.1.2\pagehelper-5.1.2.jar;D:\repository\com\github\jsqlparser\jsqlparser\1.0\jsqlparser-1.0.jar;D:\repository\org\apache\shiro\shiro-spring\1.4.0\shiro-spring-1.4.0.jar;D:\repository\org\apache\shiro\shiro-core\1.4.0\shiro-core-1.4.0.jar;D:\repository\org\apache\shiro\shiro-lang\1.4.0\shiro-lang-1.4.0.jar;D:\repository\org\apache\shiro\shiro-cache\1.4.0\shiro-cache-1.4.0.jar;D:\repository\org\apache\shiro\shiro-crypto-hash\1.4.0\shiro-crypto-hash-1.4.0.jar;D:\repository\org\apache\shiro\shiro-crypto-core\1.4.0\shiro-crypto-core-1.4.0.jar;D:\repository\org\apache\shiro\shiro-crypto-cipher\1.4.0\shiro-crypto-cipher-1.4.0.jar;D:\repository\org\apache\shiro\shiro-config-core\1.4.0\shiro-config-core-1.4.0.jar;D:\repository\org\apache\shiro\shiro-config-ogdl\1.4.0\shiro-config-ogdl-1.4.0.jar;D:\repository\commons-beanutils\commons-beanutils\1.9.3\commons-beanutils-1.9.3.jar;D:\repository\commons-collections\commons-collections\3.2.2\commons-collections-3.2.2.jar;D:\repository\org\apache\shiro\shiro-event\1.4.0\shiro-event-1.4.0.jar;D:\repository\org\apache\shiro\shiro-web\1.4.0\shiro-web-1.4.0.jar;D:\repository\com\alibaba\druid\1.1.10\druid-1.1.10.jar;D:\repository\mysql\mysql-connector-java\5.1.46\mysql-connector-java-5.1.46.jar;D:\repository\com\github\theborakompanioni\thymeleaf-extras-shiro\2.0.0\thymeleaf-extras-shiro-2.0.0.jar;D:\repository\org\crazycake\shiro-redis\2.4.2.1-RELEASE\shiro-redis-2.4.2.1-RELEASE.jar;D:\repository\redis\clients\jedis\2.9.0\jedis-2.9.0.jar;D:\repository\org\apache\commons\commons-pool2\2.5.0\commons-pool2-2.5.0.jar;D:\repository\org\slf4j\slf4j-api\1.7.25\slf4j-api-1.7.25.jar;D:\repository\com\github\penggle\kaptcha\2.3.2\kaptcha-2.3.2.jar;D:\repository\javax\servlet\javax.servlet-api\3.1.0\javax.servlet-api-3.1.0.jar;D:\repository\com\jhlabs\filters\2.0.235-1\filters-2.0.235-1.jar;D:\repository\commons-lang\commons-lang\2.6\commons-lang-2.6.jar;D:\repository\com\alibaba\fastjson\1.2.13\fastjson-1.2.13.jar;D:\repository\org\apache\poi\poi\3.12\poi-3.12.jar;D:\repository\commons-codec\commons-codec\1.11\commons-codec-1.11.jar;D:\repository\org\apache\poi\poi-ooxml\3.12\poi-ooxml-3.12.jar;D:\repository\org\apache\poi\poi-ooxml-schemas\3.12\poi-ooxml-schemas-3.12.jar;D:\repository\org\apache\xmlbeans\xmlbeans\2.6.0\xmlbeans-2.6.0.jar;D:\repository\stax\stax-api\1.0.1\stax-api-1.0.1.jar;D:\repository\com\qiniu\qiniu-java-sdk\7.2.18\qiniu-java-sdk-7.2.18.jar;D:\repository\com\squareup\okhttp3\okhttp\3.11.0\okhttp-3.11.0.jar;D:\repository\com\squareup\okio\okio\1.14.0\okio-1.14.0.jar;D:\repository\com\google\code\gson\gson\2.8.4\gson-2.8.4.jar;D:\repository\org\jsoup\jsoup\1.9.2\jsoup-1.9.2.jar;D:\repository\org\springframework\boot\spring-boot-starter-test\2.0.2.RELEASE\spring-boot-starter-test-2.0.2.RELEASE.jar;D:\repository\org\springframework\boot\spring-boot-test\2.0.2.RELEASE\spring-boot-test-2.0.2.RELEASE.jar;D:\repository\org\springframework\boot\spring-boot-test-autoconfigure\2.0.2.RELEASE\spring-boot-test-autoconfigure-2.0.2.RELEASE.jar;D:\repository\com\jayway\jsonpath\json-path\2.4.0\json-path-2.4.0.jar;D:\repository\net\minidev\json-smart\2.3\json-smart-2.3.jar;D:\repository\net\minidev\accessors-smart\1.2\accessors-smart-1.2.jar;D:\repository\org\ow2\asm\asm\5.0.4\asm-5.0.4.jar;D:\repository\junit\junit\4.12\junit-4.12.jar;D:\repository\org\assertj\assertj-core\3.9.1\assertj-core-3.9.1.jar;D:\repository\org\mockito\mockito-core\2.15.0\mockito-core-2.15.0.jar;D:\repository\net\bytebuddy\byte-buddy\1.7.11\byte-buddy-1.7.11.jar;D:\repository\net\bytebuddy\byte-buddy-agent\1.7.11\byte-buddy-agent-1.7.11.jar;D:\repository\org\objenesis\objenesis\2.6\objenesis-2.6.jar;D:\repository\org\hamcrest\hamcrest-core\1.3\hamcrest-core-1.3.jar;D:\repository\org\hamcrest\hamcrest-library\1.3\hamcrest-library-1.3.jar;D:\repository\org\skyscreamer\jsonassert\1.5.0\jsonassert-1.5.0.jar;D:\repository\com\vaadin\external\google\android-json\0.0.20131108.vaadin1\android-json-0.0.20131108.vaadin1.jar;D:\repository\org\springframework\spring-core\5.0.6.RELEASE\spring-core-5.0.6.RELEASE.jar;D:\repository\org\springframework\spring-jcl\5.0.6.RELEASE\spring-jcl-5.0.6.RELEASE.jar;D:\repository\org\springframework\spring-test\5.0.6.RELEASE\spring-test-5.0.6.RELEASE.jar;D:\repository\org\xmlunit\xmlunit-core\2.5.1\xmlunit-core-2.5.1.jar;"/>
    <property name="java.vm.vendor" value="Oracle Corporation"/>
    <property name="sun.arch.data.model" value="64"/>
    <property name="user.variant" value=""/>
    <property name="java.vendor.url" value="http://java.oracle.com/"/>
    <property name="user.timezone" value=""/>
    <property name="java.vm.specification.version" value="1.8"/>
    <property name="os.name" value="Windows 7"/>
    <property name="user.country" value="CN"/>
    <property name="sun.java.launcher" value="SUN_STANDARD"/>
    <property name="sun.boot.library.path" value="E:\Program Files\Java\jdk1.8.0_131\jre\bin"/>
    <property name="sun.java.command" value="C:\Users\ADMINI~1\AppData\Local\Temp\surefire48008863855419629\surefirebooter6599993581634106774.jar C:\Users\Administrator\AppData\Local\Temp\surefire48008863855419629 2019-01-08T22-52-13_361-jvmRun1 surefire8538894114120211707tmp surefire_0814175786306435299tmp"/>
    <property name="surefire.test.class.path" value="F:\supperzh-zb-blog-master (1)\zb-blog\target\test-classes;F:\supperzh-zb-blog-master (1)\zb-blog\target\classes;D:\repository\org\springframework\boot\spring-boot-starter-thymeleaf\2.0.2.RELEASE\spring-boot-starter-thymeleaf-2.0.2.RELEASE.jar;D:\repository\org\springframework\boot\spring-boot-starter\2.0.2.RELEASE\spring-boot-starter-2.0.2.RELEASE.jar;D:\repository\org\springframework\boot\spring-boot\2.0.2.RELEASE\spring-boot-2.0.2.RELEASE.jar;D:\repository\org\springframework\boot\spring-boot-autoconfigure\2.0.2.RELEASE\spring-boot-autoconfigure-2.0.2.RELEASE.jar;D:\repository\org\springframework\boot\spring-boot-starter-logging\2.0.2.RELEASE\spring-boot-starter-logging-2.0.2.RELEASE.jar;D:\repository\ch\qos\logback\logback-classic\1.2.3\logback-classic-1.2.3.jar;D:\repository\ch\qos\logback\logback-core\1.2.3\logback-core-1.2.3.jar;D:\repository\org\apache\logging\log4j\log4j-to-slf4j\2.10.0\log4j-to-slf4j-2.10.0.jar;D:\repository\org\apache\logging\log4j\log4j-api\2.10.0\log4j-api-2.10.0.jar;D:\repository\org\slf4j\jul-to-slf4j\1.7.25\jul-to-slf4j-1.7.25.jar;D:\repository\javax\annotation\javax.annotation-api\1.3.2\javax.annotation-api-1.3.2.jar;D:\repository\org\yaml\snakeyaml\1.19\snakeyaml-1.19.jar;D:\repository\org\thymeleaf\thymeleaf-spring5\3.0.9.RELEASE\thymeleaf-spring5-3.0.9.RELEASE.jar;D:\repository\org\thymeleaf\thymeleaf\3.0.9.RELEASE\thymeleaf-3.0.9.RELEASE.jar;D:\repository\org\attoparser\attoparser\2.0.4.RELEASE\attoparser-2.0.4.RELEASE.jar;D:\repository\org\unbescape\unbescape\1.1.5.RELEASE\unbescape-1.1.5.RELEASE.jar;D:\repository\org\thymeleaf\extras\thymeleaf-extras-java8time\3.0.1.RELEASE\thymeleaf-extras-java8time-3.0.1.RELEASE.jar;D:\repository\org\springframework\boot\spring-boot-starter-web\2.0.2.RELEASE\spring-boot-starter-web-2.0.2.RELEASE.jar;D:\repository\org\springframework\boot\spring-boot-starter-json\2.0.2.RELEASE\spring-boot-starter-json-2.0.2.RELEASE.jar;D:\repository\com\fasterxml\jackson\core\jackson-databind\2.9.5\jackson-databind-2.9.5.jar;D:\repository\com\fasterxml\jackson\core\jackson-annotations\2.9.0\jackson-annotations-2.9.0.jar;D:\repository\com\fasterxml\jackson\core\jackson-core\2.9.5\jackson-core-2.9.5.jar;D:\repository\com\fasterxml\jackson\datatype\jackson-datatype-jdk8\2.9.5\jackson-datatype-jdk8-2.9.5.jar;D:\repository\com\fasterxml\jackson\datatype\jackson-datatype-jsr310\2.9.5\jackson-datatype-jsr310-2.9.5.jar;D:\repository\com\fasterxml\jackson\module\jackson-module-parameter-names\2.9.5\jackson-module-parameter-names-2.9.5.jar;D:\repository\org\springframework\boot\spring-boot-starter-tomcat\2.0.2.RELEASE\spring-boot-starter-tomcat-2.0.2.RELEASE.jar;D:\repository\org\apache\tomcat\embed\tomcat-embed-core\8.5.31\tomcat-embed-core-8.5.31.jar;D:\repository\org\apache\tomcat\embed\tomcat-embed-el\8.5.31\tomcat-embed-el-8.5.31.jar;D:\repository\org\apache\tomcat\embed\tomcat-embed-websocket\8.5.31\tomcat-embed-websocket-8.5.31.jar;D:\repository\org\hibernate\validator\hibernate-validator\6.0.9.Final\hibernate-validator-6.0.9.Final.jar;D:\repository\javax\validation\validation-api\2.0.1.Final\validation-api-2.0.1.Final.jar;D:\repository\org\jboss\logging\jboss-logging\3.3.2.Final\jboss-logging-3.3.2.Final.jar;D:\repository\com\fasterxml\classmate\1.3.4\classmate-1.3.4.jar;D:\repository\org\springframework\spring-web\5.0.6.RELEASE\spring-web-5.0.6.RELEASE.jar;D:\repository\org\springframework\spring-beans\5.0.6.RELEASE\spring-beans-5.0.6.RELEASE.jar;D:\repository\org\springframework\spring-webmvc\5.0.6.RELEASE\spring-webmvc-5.0.6.RELEASE.jar;D:\repository\org\springframework\spring-context\5.0.6.RELEASE\spring-context-5.0.6.RELEASE.jar;D:\repository\org\springframework\spring-expression\5.0.6.RELEASE\spring-expression-5.0.6.RELEASE.jar;D:\repository\org\springframework\boot\spring-boot-starter-aop\2.0.2.RELEASE\spring-boot-starter-aop-2.0.2.RELEASE.jar;D:\repository\org\springframework\spring-aop\5.0.6.RELEASE\spring-aop-5.0.6.RELEASE.jar;D:\repository\org\aspectj\aspectjweaver\1.8.13\aspectjweaver-1.8.13.jar;D:\repository\org\springframework\boot\spring-boot-starter-data-redis\2.0.2.RELEASE\spring-boot-starter-data-redis-2.0.2.RELEASE.jar;D:\repository\org\springframework\data\spring-data-redis\2.0.7.RELEASE\spring-data-redis-2.0.7.RELEASE.jar;D:\repository\org\springframework\data\spring-data-keyvalue\2.0.7.RELEASE\spring-data-keyvalue-2.0.7.RELEASE.jar;D:\repository\org\springframework\data\spring-data-commons\2.0.7.RELEASE\spring-data-commons-2.0.7.RELEASE.jar;D:\repository\org\springframework\spring-tx\5.0.6.RELEASE\spring-tx-5.0.6.RELEASE.jar;D:\repository\org\springframework\spring-oxm\5.0.6.RELEASE\spring-oxm-5.0.6.RELEASE.jar;D:\repository\org\springframework\spring-context-support\5.0.6.RELEASE\spring-context-support-5.0.6.RELEASE.jar;D:\repository\io\lettuce\lettuce-core\5.0.4.RELEASE\lettuce-core-5.0.4.RELEASE.jar;D:\repository\io\projectreactor\reactor-core\3.1.7.RELEASE\reactor-core-3.1.7.RELEASE.jar;D:\repository\org\reactivestreams\reactive-streams\1.0.2\reactive-streams-1.0.2.jar;D:\repository\io\netty\netty-common\4.1.24.Final\netty-common-4.1.24.Final.jar;D:\repository\io\netty\netty-transport\4.1.24.Final\netty-transport-4.1.24.Final.jar;D:\repository\io\netty\netty-buffer\4.1.24.Final\netty-buffer-4.1.24.Final.jar;D:\repository\io\netty\netty-resolver\4.1.24.Final\netty-resolver-4.1.24.Final.jar;D:\repository\io\netty\netty-handler\4.1.24.Final\netty-handler-4.1.24.Final.jar;D:\repository\io\netty\netty-codec\4.1.24.Final\netty-codec-4.1.24.Final.jar;D:\repository\org\mybatis\spring\boot\mybatis-spring-boot-starter\1.3.2\mybatis-spring-boot-starter-1.3.2.jar;D:\repository\org\springframework\boot\spring-boot-starter-jdbc\2.0.2.RELEASE\spring-boot-starter-jdbc-2.0.2.RELEASE.jar;D:\repository\com\zaxxer\HikariCP\2.7.9\HikariCP-2.7.9.jar;D:\repository\org\springframework\spring-jdbc\5.0.6.RELEASE\spring-jdbc-5.0.6.RELEASE.jar;D:\repository\org\mybatis\spring\boot\mybatis-spring-boot-autoconfigure\1.3.2\mybatis-spring-boot-autoconfigure-1.3.2.jar;D:\repository\org\mybatis\mybatis\3.4.6\mybatis-3.4.6.jar;D:\repository\org\mybatis\mybatis-spring\1.3.2\mybatis-spring-1.3.2.jar;D:\repository\org\springframework\boot\spring-boot-configuration-processor\2.0.2.RELEASE\spring-boot-configuration-processor-2.0.2.RELEASE.jar;D:\repository\tk\mybatis\mapper-spring-boot-starter\1.2.3\mapper-spring-boot-starter-1.2.3.jar;D:\repository\tk\mybatis\mapper-spring-boot-autoconfigure\1.2.3\mapper-spring-boot-autoconfigure-1.2.3.jar;D:\repository\tk\mybatis\mapper\3.5.2\mapper-3.5.2.jar;D:\repository\javax\persistence\persistence-api\1.0\persistence-api-1.0.jar;D:\repository\com\github\pagehelper\pagehelper-spring-boot-starter\1.2.3\pagehelper-spring-boot-starter-1.2.3.jar;D:\repository\com\github\pagehelper\pagehelper-spring-boot-autoconfigure\1.2.3\pagehelper-spring-boot-autoconfigure-1.2.3.jar;D:\repository\com\github\pagehelper\pagehelper\5.1.2\pagehelper-5.1.2.jar;D:\repository\com\github\jsqlparser\jsqlparser\1.0\jsqlparser-1.0.jar;D:\repository\org\apache\shiro\shiro-spring\1.4.0\shiro-spring-1.4.0.jar;D:\repository\org\apache\shiro\shiro-core\1.4.0\shiro-core-1.4.0.jar;D:\repository\org\apache\shiro\shiro-lang\1.4.0\shiro-lang-1.4.0.jar;D:\repository\org\apache\shiro\shiro-cache\1.4.0\shiro-cache-1.4.0.jar;D:\repository\org\apache\shiro\shiro-crypto-hash\1.4.0\shiro-crypto-hash-1.4.0.jar;D:\repository\org\apache\shiro\shiro-crypto-core\1.4.0\shiro-crypto-core-1.4.0.jar;D:\repository\org\apache\shiro\shiro-crypto-cipher\1.4.0\shiro-crypto-cipher-1.4.0.jar;D:\repository\org\apache\shiro\shiro-config-core\1.4.0\shiro-config-core-1.4.0.jar;D:\repository\org\apache\shiro\shiro-config-ogdl\1.4.0\shiro-config-ogdl-1.4.0.jar;D:\repository\commons-beanutils\commons-beanutils\1.9.3\commons-beanutils-1.9.3.jar;D:\repository\commons-collections\commons-collections\3.2.2\commons-collections-3.2.2.jar;D:\repository\org\apache\shiro\shiro-event\1.4.0\shiro-event-1.4.0.jar;D:\repository\org\apache\shiro\shiro-web\1.4.0\shiro-web-1.4.0.jar;D:\repository\com\alibaba\druid\1.1.10\druid-1.1.10.jar;D:\repository\mysql\mysql-connector-java\5.1.46\mysql-connector-java-5.1.46.jar;D:\repository\com\github\theborakompanioni\thymeleaf-extras-shiro\2.0.0\thymeleaf-extras-shiro-2.0.0.jar;D:\repository\org\crazycake\shiro-redis\2.4.2.1-RELEASE\shiro-redis-2.4.2.1-RELEASE.jar;D:\repository\redis\clients\jedis\2.9.0\jedis-2.9.0.jar;D:\repository\org\apache\commons\commons-pool2\2.5.0\commons-pool2-2.5.0.jar;D:\repository\org\slf4j\slf4j-api\1.7.25\slf4j-api-1.7.25.jar;D:\repository\com\github\penggle\kaptcha\2.3.2\kaptcha-2.3.2.jar;D:\repository\javax\servlet\javax.servlet-api\3.1.0\javax.servlet-api-3.1.0.jar;D:\repository\com\jhlabs\filters\2.0.235-1\filters-2.0.235-1.jar;D:\repository\commons-lang\commons-lang\2.6\commons-lang-2.6.jar;D:\repository\com\alibaba\fastjson\1.2.13\fastjson-1.2.13.jar;D:\repository\org\apache\poi\poi\3.12\poi-3.12.jar;D:\repository\commons-codec\commons-codec\1.11\commons-codec-1.11.jar;D:\repository\org\apache\poi\poi-ooxml\3.12\poi-ooxml-3.12.jar;D:\repository\org\apache\poi\poi-ooxml-schemas\3.12\poi-ooxml-schemas-3.12.jar;D:\repository\org\apache\xmlbeans\xmlbeans\2.6.0\xmlbeans-2.6.0.jar;D:\repository\stax\stax-api\1.0.1\stax-api-1.0.1.jar;D:\repository\com\qiniu\qiniu-java-sdk\7.2.18\qiniu-java-sdk-7.2.18.jar;D:\repository\com\squareup\okhttp3\okhttp\3.11.0\okhttp-3.11.0.jar;D:\repository\com\squareup\okio\okio\1.14.0\okio-1.14.0.jar;D:\repository\com\google\code\gson\gson\2.8.4\gson-2.8.4.jar;D:\repository\org\jsoup\jsoup\1.9.2\jsoup-1.9.2.jar;D:\repository\org\springframework\boot\spring-boot-starter-test\2.0.2.RELEASE\spring-boot-starter-test-2.0.2.RELEASE.jar;D:\repository\org\springframework\boot\spring-boot-test\2.0.2.RELEASE\spring-boot-test-2.0.2.RELEASE.jar;D:\repository\org\springframework\boot\spring-boot-test-autoconfigure\2.0.2.RELEASE\spring-boot-test-autoconfigure-2.0.2.RELEASE.jar;D:\repository\com\jayway\jsonpath\json-path\2.4.0\json-path-2.4.0.jar;D:\repository\net\minidev\json-smart\2.3\json-smart-2.3.jar;D:\repository\net\minidev\accessors-smart\1.2\accessors-smart-1.2.jar;D:\repository\org\ow2\asm\asm\5.0.4\asm-5.0.4.jar;D:\repository\junit\junit\4.12\junit-4.12.jar;D:\repository\org\assertj\assertj-core\3.9.1\assertj-core-3.9.1.jar;D:\repository\org\mockito\mockito-core\2.15.0\mockito-core-2.15.0.jar;D:\repository\net\bytebuddy\byte-buddy\1.7.11\byte-buddy-1.7.11.jar;D:\repository\net\bytebuddy\byte-buddy-agent\1.7.11\byte-buddy-agent-1.7.11.jar;D:\repository\org\objenesis\objenesis\2.6\objenesis-2.6.jar;D:\repository\org\hamcrest\hamcrest-core\1.3\hamcrest-core-1.3.jar;D:\repository\org\hamcrest\hamcrest-library\1.3\hamcrest-library-1.3.jar;D:\repository\org\skyscreamer\jsonassert\1.5.0\jsonassert-1.5.0.jar;D:\repository\com\vaadin\external\google\android-json\0.0.20131108.vaadin1\android-json-0.0.20131108.vaadin1.jar;D:\repository\org\springframework\spring-core\5.0.6.RELEASE\spring-core-5.0.6.RELEASE.jar;D:\repository\org\springframework\spring-jcl\5.0.6.RELEASE\spring-jcl-5.0.6.RELEASE.jar;D:\repository\org\springframework\spring-test\5.0.6.RELEASE\spring-test-5.0.6.RELEASE.jar;D:\repository\org\xmlunit\xmlunit-core\2.5.1\xmlunit-core-2.5.1.jar;"/>
    <property name="sun.cpu.endian" value="little"/>
    <property name="user.home" value="C:\Users\Administrator"/>
    <property name="user.language" value="zh"/>
    <property name="java.specification.vendor" value="Oracle Corporation"/>
    <property name="java.home" value="E:\Program Files\Java\jdk1.8.0_131\jre"/>
    <property name="basedir" value="F:\supperzh-zb-blog-master (1)\zb-blog"/>
    <property name="file.separator" value="\"/>
    <property name="line.separator" value="&#10;"/>
    <property name="java.vm.specification.vendor" value="Oracle Corporation"/>
    <property name="java.specification.name" value="Java Platform API Specification"/>
    <property name="java.awt.graphicsenv" value="sun.awt.Win32GraphicsEnvironment"/>
    <property name="surefire.real.class.path" value="C:\Users\ADMINI~1\AppData\Local\Temp\surefire48008863855419629\surefirebooter6599993581634106774.jar"/>
    <property name="sun.boot.class.path" value="E:\Program Files\Java\jdk1.8.0_131\jre\lib\resources.jar;E:\Program Files\Java\jdk1.8.0_131\jre\lib\rt.jar;E:\Program Files\Java\jdk1.8.0_131\jre\lib\sunrsasign.jar;E:\Program Files\Java\jdk1.8.0_131\jre\lib\jsse.jar;E:\Program Files\Java\jdk1.8.0_131\jre\lib\jce.jar;E:\Program Files\Java\jdk1.8.0_131\jre\lib\charsets.jar;E:\Program Files\Java\jdk1.8.0_131\jre\lib\jfr.jar;E:\Program Files\Java\jdk1.8.0_131\jre\classes"/>
    <property name="user.script" value=""/>
    <property name="sun.management.compiler" value="HotSpot 64-Bit Tiered Compilers"/>
    <property name="java.runtime.version" value="1.8.0_131-b11"/>
    <property name="user.name" value="Administrator"/>
    <property name="path.separator" value=";"/>
    <property name="os.version" value="6.1"/>
    <property name="java.endorsed.dirs" value="E:\Program Files\Java\jdk1.8.0_131\jre\lib\endorsed"/>
    <property name="java.runtime.name" value="Java(TM) SE Runtime Environment"/>
    <property name="file.encoding" value="GBK"/>
    <property name="java.vm.name" value="Java HotSpot(TM) 64-Bit Server VM"/>
    <property name="localRepository" value="D:\repository"/>
    <property name="java.vendor.url.bug" value="http://bugreport.sun.com/bugreport/"/>
    <property name="java.io.tmpdir" value="C:\Users\ADMINI~1\AppData\Local\Temp\"/>
    <property name="idea.version" value="2017.2.2"/>
    <property name="java.version" value="1.8.0_131"/>
    <property name="user.dir" value="F:\supperzh-zb-blog-master (1)\zb-blog"/>
    <property name="os.arch" value="amd64"/>
    <property name="java.vm.specification.name" value="Java Virtual Machine Specification"/>
    <property name="java.awt.printerjob" value="sun.awt.windows.WPrinterJob"/>
    <property name="sun.os.patch.level" value="Service Pack 1"/>
    <property name="java.library.path" value="E:\Program Files\Java\jdk1.8.0_131\jre\bin;C:\Windows\Sun\Java\bin;C:\Windows\system32;C:\Windows;C:\Program Files (x86)\PC Connectivity Solution\;C:\Program Files (x86)\Common Files\Oracle\Java\javapath;C:\ProgramData\Oracle\Java\javapath;C:\Windows\system32;C:\Windows;C:\Windows\System32\Wbem;C:\Windows\System32\WindowsPowerShell\v1.0\;E:\Program Files\Java\apache-maven-3.5.4\bin;C:\Program Files\MySQL\MySQL Utilities 1.6\;E:\Program Files\TortoiseGit\bin;E:\Program Files\nodejs\;E:\Program Files\Git\cmd;C:\Users\Administrator\AppData\Roaming\npm;C:\Users\Administrator\AppData\Local\atom\bin;."/>
    <property name="java.vm.info" value="mixed mode"/>
    <property name="java.vendor" value="Oracle Corporation"/>
    <property name="java.vm.version" value="25.131-b11"/>
    <property name="java.ext.dirs" value="E:\Program Files\Java\jdk1.8.0_131\jre\lib\ext;C:\Windows\Sun\Java\lib\ext"/>
    <property name="sun.io.unicode.encoding" value="UnicodeLittle"/>
    <property name="maven.repo.local" value="D:\repository"/>
    <property name="java.class.version" value="52.0"/>
  </properties>
  <testcase name="contextLoads" classname="com.nbclass.SpringbootApplicationTests" time="0.956"/>
</testsuite>